<?xml version="1.0" encoding="UTF-8"?>
<testng-results ignored="0" total="1" passed="1" failed="0" skipped="0">
  <reporter-output>
    <line>
      <![CDATA[createAccount]]>
    </line>
  </reporter-output>
  <suite started-at="2024-11-29T15:10:23 IST" name="Suite" finished-at="2024-11-29T15:10:23 IST" duration-ms="45">
    <groups>
    </groups>
    <test started-at="2024-11-29T15:10:23 IST" name="Test" finished-at="2024-11-29T15:10:23 IST" duration-ms="45">
      <class name="com.niqsam.testscript.AccountModule">
        <test-method signature="createAccount()[pri:0, instance:com.niqsam.testscript.AccountModule@6cf0e0ba]" started-at="2024-11-29T15:10:23 IST" name="createAccount" finished-at="2024-11-29T15:10:23 IST" duration-ms="8" status="PASS">
          <reporter-output>
            <line>
              <![CDATA[createAccount]]>
            </line>
          </reporter-output>
        </test-method> <!-- createAccount -->
      </class> <!-- com.niqsam.testscript.AccountModule -->
    </test> <!-- Test -->
  </suite> <!-- Suite -->
</testng-results>
